Now: Fri Sep 21 2018 20:38:44 GMT+0500 (West Asia Standard Time); Method: GET; Url: /Mr_Sdk
Now: Fri Sep 21 2018 20:39:42 GMT+0500 (West Asia Standard Time); Method: GET; Url: /about
Now: Fri Sep 21 2018 20:41:59 GMT+0500 (West Asia Standard Time); Method: GET; Url: /Mr_Sdk
Now: Fri Sep 21 2018 20:42:23 GMT+0500 (West Asia Standard Time); Method: GET; Url: /
Now: Fri Sep 21 2018 20:42:38 GMT+0500 (West Asia Standard Time); Method: GET; Url: /
Now: Fri Sep 21 2018 20:42:39 GMT+0500 (West Asia Standard Time); Method: GET; Url: /about
Now: Fri Sep 21 2018 20:42:39 GMT+0500 (West Asia Standard Time); Method: GET; Url: /
Now: Fri Sep 21 2018 20:42:40 GMT+0500 (West Asia Standard Time); Method: GET; Url: /about
Now: Fri Sep 21 2018 20:42:40 GMT+0500 (West Asia Standard Time); Method: GET; Url: /
Now: Fri Sep 21 2018 20:42:40 GMT+0500 (West Asia Standard Time); Method: GET; Url: /about
Now: Fri Sep 21 2018 20:42:42 GMT+0500 (West Asia Standard Time); Method: GET; Url: /
Now: Fri Sep 21 2018 20:42:42 GMT+0500 (West Asia Standard Time); Method: GET; Url: /about
Now: Fri Sep 21 2018 20:42:42 GMT+0500 (West Asia Standard Time); Method: GET; Url: /
Now: Fri Sep 21 2018 20:42:43 GMT+0500 (West Asia Standard Time); Method: GET; Url: /about
Now: Fri Sep 21 2018 20:42:43 GMT+0500 (West Asia Standard Time); Method: GET; Url: /
Now: Fri Sep 21 2018 20:42:43 GMT+0500 (West Asia Standard Time); Method: GET; Url: /
Now: Fri Sep 21 2018 20:42:44 GMT+0500 (West Asia Standard Time); Method: GET; Url: /
Now: Fri Sep 21 2018 20:42:44 GMT+0500 (West Asia Standard Time); Method: GET; Url: /
Now: Fri Sep 21 2018 20:42:44 GMT+0500 (West Asia Standard Time); Method: GET; Url: /
Now: Fri Sep 21 2018 20:54:15 GMT+0500 (West Asia Standard Time); Method: GET; Url: /help
Now: Fri Sep 21 2018 20:54:20 GMT+0500 (West Asia Standard Time); Method: GET; Url: /help.html
Now: Fri Sep 21 2018 21:00:09 GMT+0500 (West Asia Standard Time); Method: GET; Url: /about
Now: Fri Sep 21 2018 21:00:19 GMT+0500 (West Asia Standard Time); Method: GET; Url: /
Now: Fri Sep 21 2018 21:00:26 GMT+0500 (West Asia Standard Time); Method: GET; Url: /helper.html
Now: Fri Sep 21 2018 21:01:22 GMT+0500 (West Asia Standard Time); Method: GET; Url: /helper.html
Now: Fri Sep 21 2018 21:07:56 GMT+0500 (West Asia Standard Time); Method: GET; Url: /
Now: Fri Sep 21 2018 21:08:13 GMT+0500 (West Asia Standard Time); Method: GET; Url: /
Now: Fri Sep 21 2018 21:08:16 GMT+0500 (West Asia Standard Time); Method: GET; Url: /
Now: Fri Sep 21 2018 21:08:21 GMT+0500 (West Asia Standard Time); Method: GET; Url: /about
Now: Fri Sep 21 2018 21:08:37 GMT+0500 (West Asia Standard Time); Method: GET; Url: /about
Now: Fri Sep 21 2018 21:08:39 GMT+0500 (West Asia Standard Time); Method: GET; Url: /
Now: Fri Sep 21 2018 22:42:07 GMT+0500 (West Asia Standard Time); Method: GET; Url: /
Now: Fri Sep 21 2018 22:42:07 GMT+0500 (West Asia Standard Time); Method: GET; Url: /favicon.ico
Now: Fri Sep 21 2018 22:49:35 GMT+0500 (West Asia Standard Time); Method: GET; Url: /about
Now: Fri Sep 21 2018 22:49:37 GMT+0500 (West Asia Standard Time); Method: GET; Url: /
Now: Fri Sep 21 2018 22:50:31 GMT+0500 (West Asia Standard Time); Method: GET; Url: /
Now: Fri Sep 21 2018 22:50:34 GMT+0500 (West Asia Standard Time); Method: GET; Url: /
Now: Fri Sep 21 2018 22:50:34 GMT+0500 (West Asia Standard Time); Method: GET; Url: /about
Now: Fri Sep 21 2018 22:50:35 GMT+0500 (West Asia Standard Time); Method: GET; Url: /
Now: Fri Sep 21 2018 22:50:36 GMT+0500 (West Asia Standard Time); Method: GET; Url: /about
Now: Fri Sep 21 2018 22:51:01 GMT+0500 (West Asia Standard Time); Method: GET; Url: /bad
Now: Sun Sep 23 2018 19:36:55 GMT+0300 (RTZ 2 (зима)); Method: GET; Url: /
Now: Sun Sep 23 2018 19:36:55 GMT+0300 (RTZ 2 (зима)); Method: GET; Url: /favicon.ico
Now: Sun Sep 23 2018 19:44:51 GMT+0300 (RTZ 2 (зима)); Method: GET; Url: /
Now: Sun Sep 23 2018 19:45:00 GMT+0300 (RTZ 2 (зима)); Method: GET; Url: /about
Now: Sun Sep 23 2018 19:45:03 GMT+0300 (RTZ 2 (зима)); Method: GET; Url: /
Now: Sun Sep 23 2018 19:45:04 GMT+0300 (RTZ 2 (зима)); Method: GET; Url: /about
Now: Wed Sep 26 2018 17:06:56 GMT+0300 (RTZ 2 (зима)); Method: GET; Url: /
Now: Wed Sep 26 2018 17:06:58 GMT+0300 (RTZ 2 (зима)); Method: GET; Url: /
Now: Wed Sep 26 2018 17:06:59 GMT+0300 (RTZ 2 (зима)); Method: GET; Url: /about
Now: Wed Sep 26 2018 17:07:02 GMT+0300 (RTZ 2 (зима)); Method: GET; Url: /
